2025-04-13 08:42:11,880 - INFO - Starting 1 accounts...
2025-04-13 08:42:11,931 - ERROR - Request error: HTTPConnection.request() got an unexpected keyword argument 'json'
2025-04-13 08:42:11,977 - INFO - Waiting 14457ms...
2025-04-13 08:42:26,449 - INFO - Starting 1 accounts...
2025-04-13 08:42:26,492 - ERROR - Request error: HTTPConnection.request() got an unexpected keyword argument 'json'
2025-04-13 08:42:26,544 - INFO - Waiting 13388ms...
2025-04-13 08:42:39,938 - INFO - Starting 1 accounts...
2025-04-13 08:42:39,991 - ERROR - Request error: HTTPConnection.request() got an unexpected keyword argument 'json'
2025-04-13 08:42:40,044 - INFO - Created 0/1
2025-04-13 08:44:34,435 - INFO - Starting 1 accounts...
2025-04-13 08:44:34,489 - ERROR - Request error: HTTPConnection.request() got an unexpected keyword argument 'json'
2025-04-13 08:44:34,554 - INFO - Waiting 14895ms...
2025-04-13 08:44:49,466 - INFO - Starting 1 accounts...
2025-04-13 08:44:49,534 - ERROR - Request error: HTTPConnection.request() got an unexpected keyword argument 'json'
2025-04-13 08:44:49,576 - INFO - Waiting 14451ms...
2025-04-13 08:45:04,033 - INFO - Starting 1 accounts...
2025-04-13 08:45:04,091 - ERROR - Request error: HTTPConnection.request() got an unexpected keyword argument 'json'
2025-04-13 08:45:04,156 - INFO - Created 0/1
2025-04-13 08:50:23,592 - INFO - [+] Loaded referral code: YOUR_REFERRAL_CODE_HERE
2025-04-13 08:50:23,593 - ERROR - [-] proxies.txt not found
2025-04-13 08:50:28,105 - INFO - Starting 1 accounts...
2025-04-13 08:50:28,107 - WARNING - [!] No valid proxies available, proceeding without proxy
2025-04-13 08:50:28,107 - INFO - [+] Created email: user9204451@ptct.net
2025-04-13 08:50:28,108 - INFO - [*] Creating account: user9204451@ptct.net
2025-04-13 08:50:30,949 - INFO - [+] Successfully registered: user9204451@ptct.net
2025-04-13 08:50:30,950 - INFO - Waiting 2s...
2025-04-13 08:50:33,567 - ERROR - Request error: 500 Server Error: Internal Server Error for url: https://billipad.finance/api/login
2025-04-13 08:50:33,567 - ERROR - [-] Login failed for user9204451@ptct.net: 500 Server Error: Internal Server Error for url: https://billipad.finance/api/login
2025-04-13 08:50:33,569 - ERROR - [-] Account creation failed: 500 Server Error: Internal Server Error for url: https://billipad.finance/api/login
2025-04-13 08:50:33,570 - INFO - [-] Account 1 failed
2025-04-13 08:50:33,571 - INFO - 
[+] Done: 0 OK, 1 failed
2025-04-13 08:50:33,572 - INFO - [*] Saved to accounts.json
2025-04-13 08:50:33,572 - INFO - 
[!] 1 accounts left. Retry 1/3
2025-04-13 08:50:33,573 - INFO - Waiting 13452ms...
2025-04-13 08:50:47,039 - INFO - Starting 1 accounts...
2025-04-13 08:50:47,041 - WARNING - [!] No valid proxies available, proceeding without proxy
2025-04-13 08:50:47,042 - INFO - [+] Created email: user8033975@ptct.net
2025-04-13 08:50:47,043 - INFO - [*] Creating account: user8033975@ptct.net
2025-04-13 08:50:49,313 - INFO - [+] Successfully registered: user8033975@ptct.net
2025-04-13 08:50:49,321 - INFO - Waiting 2s...
2025-04-13 08:50:51,944 - ERROR - Request error: 500 Server Error: Internal Server Error for url: https://billipad.finance/api/login
2025-04-13 08:50:51,945 - ERROR - [-] Login failed for user8033975@ptct.net: 500 Server Error: Internal Server Error for url: https://billipad.finance/api/login
2025-04-13 08:50:51,946 - ERROR - [-] Account creation failed: 500 Server Error: Internal Server Error for url: https://billipad.finance/api/login
2025-04-13 08:50:51,947 - INFO - [-] Account 1 failed
2025-04-13 08:50:51,948 - INFO - 
[+] Done: 0 OK, 1 failed
2025-04-13 08:50:51,949 - INFO - [*] Saved to accounts.json
2025-04-13 08:50:51,949 - INFO - 
[!] 1 accounts left. Retry 2/3
2025-04-13 08:50:51,950 - INFO - Waiting 14085ms...
2025-04-13 08:51:06,044 - INFO - Starting 1 accounts...
2025-04-13 08:51:06,045 - WARNING - [!] No valid proxies available, proceeding without proxy
2025-04-13 08:51:06,045 - INFO - [+] Created email: user3803333@ptct.net
2025-04-13 08:51:06,046 - INFO - [*] Creating account: user3803333@ptct.net
2025-04-13 08:51:08,468 - INFO - [+] Successfully registered: user3803333@ptct.net
2025-04-13 08:51:08,469 - INFO - Waiting 2s...
2025-04-13 08:51:11,763 - INFO - Login data:
2025-04-13 08:51:11,770 - INFO - [+] Token from cookie
2025-04-13 08:51:11,770 - INFO - [+] Logged in: user3803333@ptct.net
2025-04-13 08:51:11,771 - INFO - [+] Token: eyJhbGciOiJIUzI1NiIs...
2025-04-13 08:51:11,772 - INFO - [*] User ID: 8bbd69af-01c6-4633-bcf5-b5f5e7557de9
2025-04-13 08:51:11,772 - INFO - Waiting 2s...
2025-04-13 08:51:14,385 - INFO - [+] Auth check OK
2025-04-13 08:51:16,012 - INFO - [+] Task 1 done for user: 8bbd69af-01c6-4633-bcf5-b5f5e7557de9
2025-04-13 08:51:18,864 - ERROR - Request error: 500 Server Error: Internal Server Error for url: https://billipad.finance/api/referral?userId=8bbd69af-01c6-4633-bcf5-b5f5e7557de9
2025-04-13 08:51:18,865 - ERROR - [-] Task 2 failed: 500 Server Error: Internal Server Error for url: https://billipad.finance/api/referral?userId=8bbd69af-01c6-4633-bcf5-b5f5e7557de9
2025-04-13 08:51:18,865 - ERROR - [-] Account creation failed: 500 Server Error: Internal Server Error for url: https://billipad.finance/api/referral?userId=8bbd69af-01c6-4633-bcf5-b5f5e7557de9
2025-04-13 08:51:18,867 - INFO - [-] Account 1 failed
2025-04-13 08:51:18,868 - INFO - 
[+] Done: 0 OK, 1 failed
2025-04-13 08:51:18,868 - INFO - [*] Saved to accounts.json
2025-04-13 08:51:18,869 - INFO - 
[!] 1 accounts left. Retry 3/3
2025-04-13 08:51:18,870 - INFO - 
[-] Failed to create all accounts after 3 retries
2025-04-13 08:51:18,871 - INFO - Created 0/1
2025-04-13 08:52:22,623 - INFO - [+] Loaded referral code: 05c138f7-3c98-41c0-af7d-8e7a4196cff6
2025-04-13 08:52:22,624 - ERROR - [-] proxies.txt not found
2025-04-13 08:52:24,770 - INFO - Starting 1 accounts...
2025-04-13 08:52:24,773 - WARNING - [!] No valid proxies available, proceeding without proxy
2025-04-13 08:52:24,773 - INFO - [+] Created email: user3425302@ptct.net
2025-04-13 08:52:24,775 - INFO - [*] Creating account: user3425302@ptct.net
2025-04-13 08:52:25,481 - ERROR - Request error: 500 Server Error: Internal Server Error for url: https://billipad.finance/api/signup
2025-04-13 08:52:25,482 - ERROR - [-] Registration failed for user3425302@ptct.net: 500 Server Error: Internal Server Error for url: https://billipad.finance/api/signup
2025-04-13 08:52:25,484 - ERROR - [-] Account creation failed: 500 Server Error: Internal Server Error for url: https://billipad.finance/api/signup
2025-04-13 08:52:25,485 - INFO - [-] Account 1 failed
2025-04-13 08:52:25,486 - INFO - 
[+] Done: 0 OK, 1 failed
2025-04-13 08:52:25,487 - INFO - [*] Saved to accounts.json
2025-04-13 08:52:25,488 - INFO - 
[!] 1 accounts left. Retry 1/3
2025-04-13 08:52:25,489 - INFO - Waiting 12081ms...
2025-04-13 08:52:37,579 - INFO - Starting 1 accounts...
2025-04-13 08:52:37,581 - WARNING - [!] No valid proxies available, proceeding without proxy
2025-04-13 08:52:37,582 - INFO - [+] Created email: user2243496@ptct.net
2025-04-13 08:52:37,583 - INFO - [*] Creating account: user2243496@ptct.net
2025-04-13 08:52:40,401 - INFO - [+] Successfully registered: user2243496@ptct.net
2025-04-13 08:52:40,403 - INFO - Waiting 2s...
2025-04-13 08:52:42,862 - ERROR - Request error: 500 Server Error: Internal Server Error for url: https://billipad.finance/api/login
2025-04-13 08:52:42,863 - ERROR - [-] Login failed for user2243496@ptct.net: 500 Server Error: Internal Server Error for url: https://billipad.finance/api/login
2025-04-13 08:52:42,864 - ERROR - [-] Account creation failed: 500 Server Error: Internal Server Error for url: https://billipad.finance/api/login
2025-04-13 08:52:42,866 - INFO - [-] Account 1 failed
2025-04-13 08:52:42,867 - INFO - 
[+] Done: 0 OK, 1 failed
2025-04-13 08:52:42,868 - INFO - [*] Saved to accounts.json
2025-04-13 08:52:42,869 - INFO - 
[!] 1 accounts left. Retry 2/3
2025-04-13 08:52:42,870 - INFO - Waiting 12161ms...
2025-04-13 08:52:55,037 - INFO - Starting 1 accounts...
2025-04-13 08:52:55,039 - WARNING - [!] No valid proxies available, proceeding without proxy
2025-04-13 08:52:55,042 - INFO - [+] Created email: user6000622@ptct.net
2025-04-13 08:52:55,043 - INFO - [*] Creating account: user6000622@ptct.net
2025-04-13 08:52:58,161 - INFO - [+] Successfully registered: user6000622@ptct.net
2025-04-13 08:52:58,162 - INFO - Waiting 2s...
2025-04-13 08:53:00,901 - INFO - Login data:
2025-04-13 08:53:00,912 - INFO - [+] Token from cookie
2025-04-13 08:53:00,913 - INFO - [+] Logged in: user6000622@ptct.net
2025-04-13 08:53:00,914 - INFO - [+] Token: eyJhbGciOiJIUzI1NiIs...
2025-04-13 08:53:00,914 - INFO - [*] User ID: 66f704f1-eb5d-42cb-9fbe-db7f6b5e5a4b
2025-04-13 08:53:00,915 - INFO - Waiting 2s...
2025-04-13 08:53:03,358 - INFO - [+] Auth check OK
2025-04-13 08:53:03,806 - ERROR - Request error: 500 Server Error: Internal Server Error for url: https://billipad.finance/api/referral?userId=66f704f1-eb5d-42cb-9fbe-db7f6b5e5a4b
2025-04-13 08:53:03,807 - ERROR - [-] Task 1 failed: 500 Server Error: Internal Server Error for url: https://billipad.finance/api/referral?userId=66f704f1-eb5d-42cb-9fbe-db7f6b5e5a4b
2025-04-13 08:53:03,808 - ERROR - [-] Account creation failed: 500 Server Error: Internal Server Error for url: https://billipad.finance/api/referral?userId=66f704f1-eb5d-42cb-9fbe-db7f6b5e5a4b
2025-04-13 08:53:03,809 - INFO - [-] Account 1 failed
2025-04-13 08:53:03,810 - INFO - 
[+] Done: 0 OK, 1 failed
2025-04-13 08:53:03,810 - INFO - [*] Saved to accounts.json
2025-04-13 08:53:03,811 - INFO - 
[!] 1 accounts left. Retry 3/3
2025-04-13 08:53:03,811 - INFO - 
[-] Failed to create all accounts after 3 retries
2025-04-13 08:53:03,812 - INFO - Created 0/1
2025-04-13 08:55:21,525 - INFO - [+] Loaded referral code: 05c138f7-3c98-41c0-af7d-8e7a4196cff6
2025-04-13 08:55:21,526 - ERROR - [-] proxies.txt not found
2025-04-13 08:55:28,412 - INFO - Starting 1 accounts...
2025-04-13 08:55:28,414 - INFO - 
[*] Account 1/1
2025-04-13 08:55:28,415 - WARNING - [!] No valid proxies available, proceeding without proxy
2025-04-13 08:55:28,416 - INFO - [+] Created email: user9594347@ptct.net
2025-04-13 08:55:28,418 - INFO - [*] Creating account: user9594347@ptct.net
2025-04-13 08:55:28,941 - ERROR - Request error: 500 Server Error: Internal Server Error for url: https://billipad.finance/api/signup
2025-04-13 08:55:28,943 - ERROR - [-] Registration failed for user9594347@ptct.net: 500 Server Error: Internal Server Error for url: https://billipad.finance/api/signup
2025-04-13 08:55:28,945 - ERROR - [-] Account creation failed: 500 Server Error: Internal Server Error for url: https://billipad.finance/api/signup
2025-04-13 08:55:28,946 - INFO - [-] Account 1 failed
2025-04-13 08:55:28,948 - INFO - 
[+] Done: 0 OK, 1 failed
2025-04-13 08:55:28,950 - INFO - [*] Saved to accounts.json
2025-04-13 08:55:28,951 - INFO - 
[!] 1 accounts left. Retry 1/3
2025-04-13 08:55:28,953 - INFO - Waiting 12797ms...
2025-04-13 08:55:41,752 - INFO - Starting 1 accounts...
2025-04-13 08:55:41,754 - INFO - 
[*] Account 1/1
2025-04-13 08:55:41,755 - WARNING - [!] No valid proxies available, proceeding without proxy
2025-04-13 08:55:41,757 - INFO - [+] Created email: user6218369@ptct.net
2025-04-13 08:55:41,759 - INFO - [*] Creating account: user6218369@ptct.net
2025-04-13 08:55:44,326 - INFO - [+] Successfully registered: user6218369@ptct.net
2025-04-13 08:55:44,328 - INFO - Waiting 2s...
2025-04-13 08:55:47,490 - INFO - Login data: userId=e077bb89-cb60-4469-ae10-70b70611af6e, hasToken=False
2025-04-13 08:55:47,492 - INFO - Cookies: Present
2025-04-13 08:55:47,493 - INFO - [+] Token from cookie
2025-04-13 08:55:47,494 - INFO - [+] Logged in: user6218369@ptct.net
2025-04-13 08:55:47,495 - INFO - [+] Token: eyJhbGciOiJIUzI1NiIs...
2025-04-13 08:55:47,496 - INFO - [*] User ID: e077bb89-cb60-4469-ae10-70b70611af6e
2025-04-13 08:55:47,497 - INFO - Waiting 2s...
2025-04-13 08:55:49,978 - INFO - [+] Auth check OK
2025-04-13 08:55:51,280 - INFO - [+] Task 1 done for user: e077bb89-cb60-4469-ae10-70b70611af6e
2025-04-13 08:55:52,902 - ERROR - Request error: 500 Server Error: Internal Server Error for url: https://billipad.finance/api/referral?userId=e077bb89-cb60-4469-ae10-70b70611af6e
2025-04-13 08:55:52,903 - ERROR - [-] Task 2 failed: 500 Server Error: Internal Server Error for url: https://billipad.finance/api/referral?userId=e077bb89-cb60-4469-ae10-70b70611af6e
2025-04-13 08:55:52,904 - ERROR - [-] Account creation failed: 500 Server Error: Internal Server Error for url: https://billipad.finance/api/referral?userId=e077bb89-cb60-4469-ae10-70b70611af6e
2025-04-13 08:55:52,905 - INFO - [-] Account 1 failed
2025-04-13 08:55:52,905 - INFO - 
[+] Done: 0 OK, 1 failed
2025-04-13 08:55:52,905 - INFO - [*] Saved to accounts.json
2025-04-13 08:55:52,906 - INFO - 
[!] 1 accounts left. Retry 2/3
2025-04-13 08:55:52,906 - INFO - Waiting 10247ms...
2025-04-13 08:56:03,154 - INFO - Starting 1 accounts...
2025-04-13 08:56:03,155 - INFO - 
[*] Account 1/1
2025-04-13 08:56:03,156 - WARNING - [!] No valid proxies available, proceeding without proxy
2025-04-13 08:56:03,157 - INFO - [+] Created email: user3853584@ptct.net
2025-04-13 08:56:03,157 - INFO - [*] Creating account: user3853584@ptct.net
2025-04-13 08:56:03,720 - ERROR - Request error: 500 Server Error: Internal Server Error for url: https://billipad.finance/api/signup
2025-04-13 08:56:03,721 - ERROR - [-] Registration failed for user3853584@ptct.net: 500 Server Error: Internal Server Error for url: https://billipad.finance/api/signup
2025-04-13 08:56:03,721 - ERROR - [-] Account creation failed: 500 Server Error: Internal Server Error for url: https://billipad.finance/api/signup
2025-04-13 08:56:03,723 - INFO - [-] Account 1 failed
2025-04-13 08:56:03,723 - INFO - 
[+] Done: 0 OK, 1 failed
2025-04-13 08:56:03,724 - INFO - [*] Saved to accounts.json
2025-04-13 08:56:03,724 - INFO - 
[!] 1 accounts left. Retry 3/3
2025-04-13 08:56:03,725 - INFO - 
[-] Failed to create all accounts after 3 retries
2025-04-13 08:56:03,726 - INFO - Created 0/1
2025-04-13 09:10:40,987 - INFO - [+] Loaded referral code: 05c138f7-3c98-41c0-af7d-8e7a4196cff6
2025-04-13 09:10:40,989 - INFO - [+] Created new accounts.json file
2025-04-13 09:10:52,610 - INFO - Starting 1 accounts...
2025-04-13 09:10:52,611 - INFO - 
[*] Account 1/1
2025-04-13 09:10:52,612 - WARNING - [!] No valid proxies available, proceeding without proxy
2025-04-13 09:10:52,613 - INFO - [+] Created email: user2980249@ptct.net
2025-04-13 09:10:52,613 - INFO - [*] Creating account: user2980249@ptct.net
2025-04-13 09:10:55,834 - INFO - [+] Successfully registered: user2980249@ptct.net
2025-04-13 09:10:55,835 - INFO - Waiting 2s...
2025-04-13 09:10:58,401 - WARNING - Request failed (attempt 1/3): 500 Server Error: Internal Server Error for url: https://billipad.finance/api/login. Retrying in 2s...
2025-04-13 09:11:01,661 - INFO - Login data: userId=fc6038c9-4739-4d99-b038-3fe57d5f6af0, hasToken=False
2025-04-13 09:11:01,663 - INFO - Cookies: Present
2025-04-13 09:11:01,664 - INFO - [+] Token from cookie
2025-04-13 09:11:01,665 - INFO - [+] Logged in: user2980249@ptct.net
2025-04-13 09:11:01,667 - INFO - [+] Token: eyJhbGciOiJIUzI1NiIs...
2025-04-13 09:11:01,668 - INFO - [*] User ID: fc6038c9-4739-4d99-b038-3fe57d5f6af0
2025-04-13 09:11:01,669 - INFO - Waiting 2s...
2025-04-13 09:11:04,158 - INFO - [+] Auth check OK
2025-04-13 09:11:04,629 - WARNING - Request failed (attempt 1/3): 500 Server Error: Internal Server Error for url: https://billipad.finance/api/referral?userId=fc6038c9-4739-4d99-b038-3fe57d5f6af0. Retrying in 2s...
2025-04-13 09:11:07,084 - WARNING - Request failed (attempt 2/3): 500 Server Error: Internal Server Error for url: https://billipad.finance/api/referral?userId=fc6038c9-4739-4d99-b038-3fe57d5f6af0. Retrying in 4s...
2025-04-13 09:11:11,543 - ERROR - Request error after 3 attempts: 500 Server Error: Internal Server Error for url: https://billipad.finance/api/referral?userId=fc6038c9-4739-4d99-b038-3fe57d5f6af0
2025-04-13 09:11:11,546 - WARNING - [-] Task 1 failed (attempt 1/3): 500 Server Error: Internal Server Error for url: https://billipad.finance/api/referral?userId=fc6038c9-4739-4d99-b038-3fe57d5f6af0. Retrying in 5s...
2025-04-13 09:11:18,072 - INFO - [+] Task 1 done for user: fc6038c9-4739-4d99-b038-3fe57d5f6af0
2025-04-13 09:11:21,616 - INFO - [+] Task 2 done for user: fc6038c9-4739-4d99-b038-3fe57d5f6af0
2025-04-13 09:11:23,990 - WARNING - Request failed (attempt 1/3): 500 Server Error: Internal Server Error for url: https://billipad.finance/api/referral?userId=fc6038c9-4739-4d99-b038-3fe57d5f6af0. Retrying in 2s...
2025-04-13 09:11:27,671 - INFO - [+] Task 3 done for user: fc6038c9-4739-4d99-b038-3fe57d5f6af0
2025-04-13 09:11:29,521 - WARNING - Request failed (attempt 1/3): 500 Server Error: Internal Server Error for url: https://billipad.finance/api/referral?userId=fc6038c9-4739-4d99-b038-3fe57d5f6af0. Retrying in 2s...
2025-04-13 09:11:31,990 - WARNING - Request failed (attempt 2/3): 500 Server Error: Internal Server Error for url: https://billipad.finance/api/referral?userId=fc6038c9-4739-4d99-b038-3fe57d5f6af0. Retrying in 4s...
2025-04-13 09:11:36,481 - ERROR - Request error after 3 attempts: 500 Server Error: Internal Server Error for url: https://billipad.finance/api/referral?userId=fc6038c9-4739-4d99-b038-3fe57d5f6af0
2025-04-13 09:11:36,482 - WARNING - [-] Task 4 failed (attempt 1/3): 500 Server Error: Internal Server Error for url: https://billipad.finance/api/referral?userId=fc6038c9-4739-4d99-b038-3fe57d5f6af0. Retrying in 5s...
2025-04-13 09:11:41,900 - WARNING - Request failed (attempt 1/3): 500 Server Error: Internal Server Error for url: https://billipad.finance/api/referral?userId=fc6038c9-4739-4d99-b038-3fe57d5f6af0. Retrying in 2s...
2025-04-13 09:11:45,253 - INFO - [+] Task 4 done for user: fc6038c9-4739-4d99-b038-3fe57d5f6af0
2025-04-13 09:11:48,760 - INFO - [+] Task 5 done for user: fc6038c9-4739-4d99-b038-3fe57d5f6af0
2025-04-13 09:12:00,950 - WARNING - Request failed (attempt 1/3): 504 Server Error: Gateway Timeout for url: https://billipad.finance/api/referral?userId=fc6038c9-4739-4d99-b038-3fe57d5f6af0. Retrying in 2s...
2025-04-13 09:12:03,418 - WARNING - Request failed (attempt 2/3): 500 Server Error: Internal Server Error for url: https://billipad.finance/api/referral?userId=fc6038c9-4739-4d99-b038-3fe57d5f6af0. Retrying in 4s...
2025-04-13 09:12:07,920 - ERROR - Request error after 3 attempts: 500 Server Error: Internal Server Error for url: https://billipad.finance/api/referral?userId=fc6038c9-4739-4d99-b038-3fe57d5f6af0
2025-04-13 09:12:07,922 - WARNING - [-] Task 6 failed (attempt 1/3): 500 Server Error: Internal Server Error for url: https://billipad.finance/api/referral?userId=fc6038c9-4739-4d99-b038-3fe57d5f6af0. Retrying in 5s...
2025-04-13 09:12:13,441 - WARNING - Request failed (attempt 1/3): 500 Server Error: Internal Server Error for url: https://billipad.finance/api/referral?userId=fc6038c9-4739-4d99-b038-3fe57d5f6af0. Retrying in 2s...
2025-04-13 09:12:17,271 - INFO - [+] Task 6 done for user: fc6038c9-4739-4d99-b038-3fe57d5f6af0
2025-04-13 09:12:19,332 - WARNING - Request failed (attempt 1/3): 400 Client Error: Bad Request for url: https://billipad.finance/api/referral?userId=fc6038c9-4739-4d99-b038-3fe57d5f6af0. Retrying in 2s...
2025-04-13 09:12:21,770 - WARNING - Request failed (attempt 2/3): 400 Client Error: Bad Request for url: https://billipad.finance/api/referral?userId=fc6038c9-4739-4d99-b038-3fe57d5f6af0. Retrying in 4s...
2025-04-13 09:12:26,390 - ERROR - Request error after 3 attempts: 400 Client Error: Bad Request for url: https://billipad.finance/api/referral?userId=fc6038c9-4739-4d99-b038-3fe57d5f6af0
2025-04-13 09:12:26,391 - WARNING - [-] Task 7 failed (attempt 1/3): 400 Client Error: Bad Request for url: https://billipad.finance/api/referral?userId=fc6038c9-4739-4d99-b038-3fe57d5f6af0. Retrying in 5s...
2025-04-13 09:12:31,913 - WARNING - Request failed (attempt 1/3): 500 Server Error: Internal Server Error for url: https://billipad.finance/api/referral?userId=fc6038c9-4739-4d99-b038-3fe57d5f6af0. Retrying in 2s...
2025-04-13 09:12:34,400 - WARNING - Request failed (attempt 2/3): 500 Server Error: Internal Server Error for url: https://billipad.finance/api/referral?userId=fc6038c9-4739-4d99-b038-3fe57d5f6af0. Retrying in 4s...
2025-04-13 09:12:38,901 - ERROR - Request error after 3 attempts: 400 Client Error: Bad Request for url: https://billipad.finance/api/referral?userId=fc6038c9-4739-4d99-b038-3fe57d5f6af0
2025-04-13 09:12:38,902 - WARNING - [-] Task 7 failed (attempt 2/3): 400 Client Error: Bad Request for url: https://billipad.finance/api/referral?userId=fc6038c9-4739-4d99-b038-3fe57d5f6af0. Retrying in 10s...
2025-04-13 09:12:49,451 - WARNING - Request failed (attempt 1/3): 400 Client Error: Bad Request for url: https://billipad.finance/api/referral?userId=fc6038c9-4739-4d99-b038-3fe57d5f6af0. Retrying in 2s...
2025-04-13 09:12:51,931 - WARNING - Request failed (attempt 2/3): 400 Client Error: Bad Request for url: https://billipad.finance/api/referral?userId=fc6038c9-4739-4d99-b038-3fe57d5f6af0. Retrying in 4s...
2025-04-13 09:12:56,481 - ERROR - Request error after 3 attempts: 400 Client Error: Bad Request for url: https://billipad.finance/api/referral?userId=fc6038c9-4739-4d99-b038-3fe57d5f6af0
2025-04-13 09:12:56,482 - ERROR - [-] Task 7 failed after 3 attempts: 400 Client Error: Bad Request for url: https://billipad.finance/api/referral?userId=fc6038c9-4739-4d99-b038-3fe57d5f6af0
2025-04-13 09:12:56,483 - ERROR - [-] Failed to complete task 7: 400 Client Error: Bad Request for url: https://billipad.finance/api/referral?userId=fc6038c9-4739-4d99-b038-3fe57d5f6af0
2025-04-13 09:12:56,484 - WARNING - [!] Only completed 6/7 tasks
2025-04-13 09:12:56,543 - INFO - [*] Wallet: 0xef4Bd1A89Df4819542112e41B381075BA8C87208
2025-04-13 09:12:57,430 - INFO - [+] Withdrawal address set for user: fc6038c9-4739-4d99-b038-3fe57d5f6af0
2025-04-13 09:12:57,434 - INFO - [+] Saved 1 accounts to accounts.json
2025-04-13 09:12:57,435 - INFO - [+] Account created: user2980249@ptct.net
2025-04-13 09:12:57,435 - INFO - [+] Account 1 done
2025-04-13 09:12:57,436 - INFO - 
[+] Done: 1 OK, 0 failed
2025-04-13 09:12:57,436 - INFO - [*] Saved to accounts.json
2025-04-13 09:12:57,437 - INFO - 
[+] All 1 accounts created
2025-04-13 09:18:05,048 - INFO - [+] Loaded referral code: 05c138f7-3c98-41c0-af7d-8e7a4196cff6
2025-04-13 09:18:05,049 - WARNING - [!] No proxies found in proxies.txt
2025-04-13 09:18:05,049 - WARNING - [!] No proxies loaded. The script will run without proxies.
2025-04-13 09:18:41,415 - INFO - [+] Loaded referral code: 05c138f7-3c98-41c0-af7d-8e7a4196cff6
2025-04-13 09:18:41,416 - WARNING - [!] No proxies found in proxies.txt
2025-04-13 09:18:41,416 - WARNING - [!] No proxies loaded. The script will run without proxies.
2025-04-13 09:19:05,762 - INFO - [+] Loaded 1 existing accounts from accounts.json
2025-04-13 09:19:10,596 - INFO - Starting 1 accounts...
2025-04-13 09:19:10,597 - INFO - 
[*] Account 1/1
2025-04-13 09:19:10,598 - WARNING - [!] No valid proxies available, proceeding without proxy
2025-04-13 09:19:10,600 - INFO - [+] Created email: user4553817@ptct.net
2025-04-13 09:19:10,601 - INFO - [*] Creating account: user4553817@ptct.net
2025-04-13 09:19:11,423 - WARNING - Request failed (attempt 1/3): 500 Server Error: Internal Server Error for url: https://billipad.finance/api/signup. Retrying in 2s...
2025-04-13 09:19:16,149 - INFO - [+] Successfully registered: user4553817@ptct.net
2025-04-13 09:19:16,150 - INFO - Waiting 2s...
2025-04-13 09:19:19,379 - INFO - Login data: userId=8b6105ad-834b-4d8d-8a35-8cc390d3aac9, hasToken=False
2025-04-13 09:19:19,381 - INFO - Cookies: Present
2025-04-13 09:19:19,382 - INFO - [+] Token from cookie
2025-04-13 09:19:19,383 - INFO - [+] Logged in: user4553817@ptct.net
2025-04-13 09:19:19,384 - INFO - [+] Token: eyJhbGciOiJIUzI1NiIs...
2025-04-13 09:19:19,386 - INFO - [*] User ID: 8b6105ad-834b-4d8d-8a35-8cc390d3aac9
2025-04-13 09:19:19,386 - INFO - Waiting 2s...
2025-04-13 09:19:21,909 - INFO - [+] Auth check OK
2025-04-13 09:19:22,932 - WARNING - Request failed (attempt 1/3): 500 Server Error: Internal Server Error for url: https://billipad.finance/api/referral?userId=8b6105ad-834b-4d8d-8a35-8cc390d3aac9. Retrying in 2s...
2025-04-13 09:19:25,399 - WARNING - Request failed (attempt 2/3): 500 Server Error: Internal Server Error for url: https://billipad.finance/api/referral?userId=8b6105ad-834b-4d8d-8a35-8cc390d3aac9. Retrying in 4s...
2025-04-13 09:19:31,194 - INFO - [+] Task 1 done for user: 8b6105ad-834b-4d8d-8a35-8cc390d3aac9
2025-04-13 09:19:33,783 - INFO - [+] Task 2 done for user: 8b6105ad-834b-4d8d-8a35-8cc390d3aac9
2025-04-13 09:19:35,467 - WARNING - Request failed (attempt 1/3): 500 Server Error: Internal Server Error for url: https://billipad.finance/api/referral?userId=8b6105ad-834b-4d8d-8a35-8cc390d3aac9. Retrying in 2s...
2025-04-13 09:19:39,027 - INFO - [+] Task 3 done for user: 8b6105ad-834b-4d8d-8a35-8cc390d3aac9
2025-04-13 09:19:40,497 - WARNING - Request failed (attempt 1/3): 500 Server Error: Internal Server Error for url: https://billipad.finance/api/referral?userId=8b6105ad-834b-4d8d-8a35-8cc390d3aac9. Retrying in 2s...
2025-04-13 09:19:44,207 - INFO - [+] Task 4 done for user: 8b6105ad-834b-4d8d-8a35-8cc390d3aac9
2025-04-13 09:19:47,901 - INFO - [+] Task 5 done for user: 8b6105ad-834b-4d8d-8a35-8cc390d3aac9
2025-04-13 09:19:50,788 - INFO - [+] Task 6 done for user: 8b6105ad-834b-4d8d-8a35-8cc390d3aac9
2025-04-13 09:19:53,108 - WARNING - Request failed (attempt 1/3): 400 Client Error: Bad Request for url: https://billipad.finance/api/referral?userId=8b6105ad-834b-4d8d-8a35-8cc390d3aac9. Retrying in 2s...
2025-04-13 09:19:55,594 - WARNING - Request failed (attempt 2/3): 500 Server Error: Internal Server Error for url: https://billipad.finance/api/referral?userId=8b6105ad-834b-4d8d-8a35-8cc390d3aac9. Retrying in 4s...
2025-04-13 09:20:00,157 - ERROR - Request error after 3 attempts: 400 Client Error: Bad Request for url: https://billipad.finance/api/referral?userId=8b6105ad-834b-4d8d-8a35-8cc390d3aac9
2025-04-13 09:20:00,159 - WARNING - [-] Task 7 failed (attempt 1/3): 400 Client Error: Bad Request for url: https://billipad.finance/api/referral?userId=8b6105ad-834b-4d8d-8a35-8cc390d3aac9. Retrying in 5s...
2025-04-13 09:20:06,071 - WARNING - Request failed (attempt 1/3): 500 Server Error: Internal Server Error for url: https://billipad.finance/api/referral?userId=8b6105ad-834b-4d8d-8a35-8cc390d3aac9. Retrying in 2s...
2025-04-13 09:20:08,638 - WARNING - Request failed (attempt 2/3): 400 Client Error: Bad Request for url: https://billipad.finance/api/referral?userId=8b6105ad-834b-4d8d-8a35-8cc390d3aac9. Retrying in 4s...
2025-04-13 09:20:13,154 - ERROR - Request error after 3 attempts: 400 Client Error: Bad Request for url: https://billipad.finance/api/referral?userId=8b6105ad-834b-4d8d-8a35-8cc390d3aac9
2025-04-13 09:20:13,156 - WARNING - [-] Task 7 failed (attempt 2/3): 400 Client Error: Bad Request for url: https://billipad.finance/api/referral?userId=8b6105ad-834b-4d8d-8a35-8cc390d3aac9. Retrying in 10s...
2025-04-13 09:20:23,630 - WARNING - Request failed (attempt 1/3): 400 Client Error: Bad Request for url: https://billipad.finance/api/referral?userId=8b6105ad-834b-4d8d-8a35-8cc390d3aac9. Retrying in 2s...
2025-04-13 09:20:26,064 - WARNING - Request failed (attempt 2/3): 400 Client Error: Bad Request for url: https://billipad.finance/api/referral?userId=8b6105ad-834b-4d8d-8a35-8cc390d3aac9. Retrying in 4s...
2025-04-13 09:20:30,555 - ERROR - Request error after 3 attempts: 500 Server Error: Internal Server Error for url: https://billipad.finance/api/referral?userId=8b6105ad-834b-4d8d-8a35-8cc390d3aac9
2025-04-13 09:20:30,555 - ERROR - [-] Task 7 failed after 3 attempts: 500 Server Error: Internal Server Error for url: https://billipad.finance/api/referral?userId=8b6105ad-834b-4d8d-8a35-8cc390d3aac9
2025-04-13 09:20:30,555 - ERROR - [-] Failed to complete task 7: 500 Server Error: Internal Server Error for url: https://billipad.finance/api/referral?userId=8b6105ad-834b-4d8d-8a35-8cc390d3aac9
2025-04-13 09:20:30,556 - WARNING - [!] Only completed 6/7 tasks
2025-04-13 09:20:30,560 - INFO - [*] Wallet: 0x14dBB37f9AddB68B249831Db19d0078395D900Dc
2025-04-13 09:20:31,141 - INFO - [+] Withdrawal address set for user: 8b6105ad-834b-4d8d-8a35-8cc390d3aac9
2025-04-13 09:20:31,143 - INFO - [+] Saved 2 accounts to accounts.json
2025-04-13 09:20:31,143 - INFO - [+] Account created: user4553817@ptct.net
2025-04-13 09:20:31,143 - INFO - [+] Account 1 done
2025-04-13 09:20:31,143 - INFO - 
[+] Done: 1 OK, 0 failed
2025-04-13 09:20:31,143 - INFO - [*] Saved to accounts.json
2025-04-13 09:20:31,144 - INFO - 
[+] All 1 accounts created
2025-04-13 09:21:56,338 - INFO - [+] Loaded referral code: 05c138f7-3c98-41c0-af7d-8e7a4196cff6
2025-04-13 09:21:56,339 - WARNING - [!] No proxies found in proxies.txt
2025-04-13 09:21:56,340 - WARNING - [!] No proxies loaded. The script will run without proxies.
